<?xml version="1.0" encoding="UTF-8"?>
<!-- Generated by org.testng.reporters.JUnitXMLReporter -->
<testsuite ignored="3" hostname="LAPTOP-P0G3ANQ6" failures="0" tests="5" name="Test" time="9.467" errors="0" timestamp="2021-01-02T16:28:05 IST">
  <testcase classname="testBase.TestBase" name="@BeforeTest beforeTest" time="9.346">
    <failure type="org.openqa.selenium.NoSuchWindowException" message="no such window: target window already closed
from unknown error: web view not found
  (Session info: chrome=87.0.4280.88)
Build info: version: &amp;apos;3.141.59&amp;apos;, revision: &amp;apos;e82be7d358&amp;apos;, time: &amp;apos;2018-11-14T08:17:03&amp;apos;
System info: host: &amp;apos;LAPTOP-P0G3ANQ6&amp;apos;, ip: &amp;apos;192.168.43.26&amp;apos;, os.name: &amp;apos;Windows 10&amp;apos;, os.arch: &amp;apos;amd64&amp;apos;, os.version: &amp;apos;10.0&amp;apos;, java.version: &amp;apos;15&amp;apos;
Driver info: org.openqa.selenium.chrome.ChromeDriver
Capabilities {acceptInsecureCerts: false, browserName: chrome, browserVersion: 87.0.4280.88, chrome: {chromedriverVersion: 87.0.4280.88 (89e2380a3e36c..., userDataDir: C:\Users\lenovo\AppData\Loc...}, goog:chromeOptions: {debuggerAddress: localhost:62007}, javascriptEnabled: true, networkConnectionEnabled: false, pageLoadStrategy: normal, platform: WINDOWS, platformName: WINDOWS, proxy: Proxy(), setWindowRect: true, strictFileInteractability: false, timeouts: {implicit: 0, pageLoad: 300000, script: 30000}, unhandledPromptBehavior: dismiss and notify, webauthn:virtualAuthenticators: true}
Session ID: 8e15237a3f8ae2aef220b15fb1f14780">
      <![CDATA[org.openqa.selenium.NoSuchWindowException: no such window: target window already closed
from unknown error: web view not found
  (Session info: chrome=87.0.4280.88)
Build info: version: '3.141.59', revision: 'e82be7d358', time: '2018-11-14T08:17:03'
System info: host: 'LAPTOP-P0G3ANQ6', ip: '192.168.43.26', os.name: 'Windows 10', os.arch: 'amd64', os.version: '10.0', java.version: '15'
Driver info: org.openqa.selenium.chrome.ChromeDriver
Capabilities {acceptInsecureCerts: false, browserName: chrome, browserVersion: 87.0.4280.88, chrome: {chromedriverVersion: 87.0.4280.88 (89e2380a3e36c..., userDataDir: C:\Users\lenovo\AppData\Loc...}, goog:chromeOptions: {debuggerAddress: localhost:62007}, javascriptEnabled: true, networkConnectionEnabled: false, pageLoadStrategy: normal, platform: WINDOWS, platformName: WINDOWS, proxy: Proxy(), setWindowRect: true, strictFileInteractability: false, timeouts: {implicit: 0, pageLoad: 300000, script: 30000}, unhandledPromptBehavior: dismiss and notify, webauthn:virtualAuthenticators: true}
Session ID: 8e15237a3f8ae2aef220b15fb1f14780
at org.openqa.selenium.remote.http.W3CHttpResponseCodec.createException(W3CHttpResponseCodec.java:187)
at org.openqa.selenium.remote.http.W3CHttpResponseCodec.decode(W3CHttpResponseCodec.java:122)
at org.openqa.selenium.remote.http.W3CHttpResponseCodec.decode(W3CHttpResponseCodec.java:49)
at org.openqa.selenium.remote.HttpCommandExecutor.execute(HttpCommandExecutor.java:158)
at org.openqa.selenium.remote.service.DriverCommandExecutor.execute(DriverCommandExecutor.java:83)
at org.openqa.selenium.remote.RemoteWebDriver.execute(RemoteWebDriver.java:552)
at org.openqa.selenium.remote.RemoteWebDriver.execute(RemoteWebDriver.java:609)
at org.openqa.selenium.remote.RemoteWebDriver$RemoteWebDriverOptions$RemoteWindow.maximize(RemoteWebDriver.java:837)
at testBase.TestBase.beforeTest(TestBase.java:34)
... Removed 29 stack frames]]>
    </failure>
  </testcase> <!-- @BeforeTest beforeTest -->
  <testcase classname="testBase.TestBase" name="@AfterTest afterTest" time="-1.609585085669E9">
    <skipped/>
  </testcase> <!-- @AfterTest afterTest -->
  <testcase classname="Dec29TCs.HomePageTestCasesWithGroupes" name="searchAvalue" time="0.0">
    <skipped/>
  </testcase> <!-- searchAvalue -->
  <testcase classname="Dec29TCs.HomePageTestCasesWithGroupes" name="verifycontactUsLink" time="0.0">
    <skipped/>
  </testcase> <!-- verifycontactUsLink -->
  <testcase classname="Dec29TCs.HomePageTestCasesWithGroupes" name="verifyContactUsPage" time="0.0">
    <skipped/>
  </testcase> <!-- verifyContactUsPage -->
  <testcase classname="Dec29TCs.HomePageTestCasesWithGroupes" name="createAnAccount" time="0.0">
    <skipped/>
  </testcase> <!-- createAnAccount -->
  <testcase classname="Dec29TCs.HomePageTestCasesWithGroupes" name="logintoApp" time="0.0">
    <skipped/>
  </testcase> <!-- logintoApp -->
  <testcase classname="Dec29TCs.HomePageTestCasesWithGroupes" name="verifycreateAnaccount" time="0.0">
    <ignored/>
  </testcase> <!-- verifycreateAnaccount -->
  <testcase classname="Dec29TCs.HomePageTestCasesWithGroupes" name="verifyContactUsPage2" time="0.0">
    <ignored/>
  </testcase> <!-- verifyContactUsPage2 -->
  <testcase classname="Dec29TCs.HomePageTestCasesWithGroupes" name="verifySignInLink" time="0.0">
    <ignored/>
  </testcase> <!-- verifySignInLink -->
</testsuite> <!-- Test -->
